d:\game dev\capstone\nyxengine (2)\nyxengine\nyxengine\nyxengine\debug\nyxengine.pch
d:\game dev\capstone\nyxengine (2)\nyxengine\nyxengine\nyxengine\debug\nyxengine.pdb
d:\game dev\capstone\nyxengine (2)\nyxengine\nyxengine\nyxengine\debug\nyxengine.idb
d:\game dev\capstone\nyxengine (2)\nyxengine\nyxengine\nyxengine\debug\pch.obj
d:\game dev\capstone\nyxengine (2)\nyxengine\nyxengine\nyxengine\debug\controller.obj
d:\game dev\capstone\nyxengine (2)\nyxengine\nyxengine\nyxengine\debug\gameengine.obj
d:\game dev\capstone\nyxengine (2)\nyxengine\nyxengine\nyxengine\debug\windowview.obj
d:\game dev\capstone\nyxengine (2)\nyxengine\nyxengine\nyxengine\debug\nyxengine.obj
d:\game dev\capstone\nyxengine (2)\nyxengine\nyxengine\nyxengine\debug\loadshaders.obj
d:\game dev\capstone\nyxengine (2)\nyxengine\nyxengine\nyxengine\debug\openglrenderer.obj
d:\game dev\capstone\nyxengine (2)\nyxengine\nyxengine\nyxengine\debug\camera.obj
d:\game dev\capstone\nyxengine (2)\nyxengine\nyxengine\nyxengine\debug\effect.obj
d:\game dev\capstone\nyxengine (2)\nyxengine\nyxengine\nyxengine\debug\materialeffect.obj
d:\game dev\capstone\nyxengine (2)\nyxengine\nyxengine\nyxengine\debug\textureeffect.obj
d:\game dev\capstone\nyxengine (2)\nyxengine\nyxengine\nyxengine\debug\model.obj
d:\game dev\capstone\nyxengine (2)\nyxengine\nyxengine\nyxengine\debug\mesh.obj
d:\game dev\capstone\nyxengine (2)\nyxengine\nyxengine\debug\nyxengine\nyxengine.lib
d:\game dev\capstone\nyxengine (2)\nyxengine\nyxengine\debug\nyxengine\nyxengine.pdb
d:\game dev\capstone\nyxengine (2)\nyxengine\nyxengine\nyxengine\debug\priconfig.xml
d:\game dev\capstone\nyxengine (2)\nyxengine\nyxengine\nyxengine\debug\priconfig.xml.intermediate
d:\game dev\capstone\nyxengine (2)\nyxengine\nyxengine\nyxengine\debug\layout.resfiles
d:\game dev\capstone\nyxengine (2)\nyxengine\nyxengine\nyxengine\debug\layout.resfiles.intermediate
d:\game dev\capstone\nyxengine (2)\nyxengine\nyxengine\nyxengine\debug\resources.resfiles
d:\game dev\capstone\nyxengine (2)\nyxengine\nyxengine\nyxengine\debug\resources.resfiles.intermediate
d:\game dev\capstone\nyxengine (2)\nyxengine\nyxengine\nyxengine\debug\pri.resfiles
d:\game dev\capstone\nyxengine (2)\nyxengine\nyxengine\nyxengine\debug\pri.resfiles.intermediate
d:\game dev\capstone\nyxengine (2)\nyxengine\nyxengine\debug\nyxengine\nyxengine.pri
d:\game dev\capstone\nyxengine (2)\nyxengine\nyxengine\nyxengine\debug\qualifiers.txt
d:\game dev\capstone\nyxengine (2)\nyxengine\nyxengine\nyxengine\debug\qualifiers.txt.intermediate
d:\game dev\capstone\nyxengine (2)\nyxengine\nyxengine\nyxengine\debug\multiplequalifiersperdimensionfound.txt
d:\game dev\capstone\nyxengine (2)\nyxengine\nyxengine\old-nyx-engine\nyxengine\debug\camera.obj
d:\game dev\capstone\nyxengine (2)\nyxengine\nyxengine\old-nyx-engine\nyxengine\debug\controller.obj
d:\game dev\capstone\nyxengine (2)\nyxengine\nyxengine\old-nyx-engine\nyxengine\debug\effect.obj
d:\game dev\capstone\nyxengine (2)\nyxengine\nyxengine\old-nyx-engine\nyxengine\debug\gameengine.obj
d:\game dev\capstone\nyxengine (2)\nyxengine\nyxengine\old-nyx-engine\nyxengine\debug\loadshaders.obj
d:\game dev\capstone\nyxengine (2)\nyxengine\nyxengine\old-nyx-engine\nyxengine\debug\materialeffect.obj
d:\game dev\capstone\nyxengine (2)\nyxengine\nyxengine\old-nyx-engine\nyxengine\debug\mesh.obj
d:\game dev\capstone\nyxengine (2)\nyxengine\nyxengine\old-nyx-engine\nyxengine\debug\model.obj
d:\game dev\capstone\nyxengine (2)\nyxengine\nyxengine\old-nyx-engine\nyxengine\debug\nyxengine.obj
d:\game dev\capstone\nyxengine (2)\nyxengine\nyxengine\old-nyx-engine\nyxengine\debug\openglrenderer.obj
d:\game dev\capstone\nyxengine (2)\nyxengine\nyxengine\old-nyx-engine\nyxengine\debug\pch.obj
d:\game dev\capstone\nyxengine (2)\nyxengine\nyxengine\old-nyx-engine\nyxengine\debug\textureeffect.obj
d:\game dev\capstone\nyxengine (2)\nyxengine\nyxengine\old-nyx-engine\nyxengine\debug\windowview.obj
d:\game dev\capstone\nyxengine (2)\nyxengine\nyxengine\old-nyx-engine\nyxengine\debug\nyxengine.pch
d:\game dev\capstone\nyxengine (2)\nyxengine\nyxengine\old-nyx-engine\nyxengine\debug\nyxengine.idb
d:\game dev\capstone\nyxengine (2)\nyxengine\nyxengine\old-nyx-engine\nyxengine\debug\nyxengine.pdb
d:\game dev\capstone\nyxengine (2)\nyxengine\nyxengine\old-nyx-engine\nyxengine\debug\priconfig.xml
d:\game dev\capstone\nyxengine (2)\nyxengine\nyxengine\old-nyx-engine\debug\nyxengine\nyxengine.pdb
d:\game dev\capstone\nyxengine (2)\nyxengine\nyxengine\old-nyx-engine\debug\nyxengine\nyxengine.lib
d:\game dev\capstone\nyxengine (2)\nyxengine\nyxengine\old-nyx-engine\nyxengine\debug\nyxengine.tlog\cl.command.1.tlog
d:\game dev\capstone\nyxengine (2)\nyxengine\nyxengine\old-nyx-engine\nyxengine\debug\nyxengine.tlog\cl.read.1.tlog
d:\game dev\capstone\nyxengine (2)\nyxengine\nyxengine\old-nyx-engine\nyxengine\debug\nyxengine.tlog\cl.write.1.tlog
d:\game dev\capstone\nyxengine (2)\nyxengine\nyxengine\old-nyx-engine\nyxengine\debug\nyxengine.tlog\lib-link.read.1.tlog
d:\game dev\capstone\nyxengine (2)\nyxengine\nyxengine\old-nyx-engine\nyxengine\debug\nyxengine.tlog\lib-link.write.1.tlog
d:\game dev\capstone\nyxengine (2)\nyxengine\nyxengine\old-nyx-engine\nyxengine\debug\nyxengine.tlog\lib.command.1.tlog
d:\game dev\capstone\nyxengine (2)\nyxengine\nyxengine\old-nyx-engine\nyxengine\debug\nyxengine.tlog\nyxengine.read.1u.tlog
d:\game dev\capstone\nyxengine (2)\nyxengine\nyxengine\old-nyx-engine\nyxengine\debug\nyxengine.tlog\nyxengine.write.1u.tlog
